
C:\TPs\devonfw\workspaces\main\tp-off-oasp4j>npm install tsd --global
npm WARN engine hawk@3.1.0: wanted: {"node":">=0.10.32"} (current: {"node":"0.10.31","npm":"1.4.23"})
npm WARN engine hoek@2.16.3: wanted: {"node":">=0.10.40"} (current: {"node":"0.10.31","npm":"1.4.23"})
npm WARN engine cryptiles@2.0.5: wanted: {"node":">=0.10.40"} (current: {"node":"0.10.31","npm":"1.4.23"})
npm WARN engine boom@2.9.0: wanted: {"node":">=0.10.40"} (current: {"node":"0.10.31","npm":"1.4.23"})
npm WARN engine hoek@2.16.3: wanted: {"node":">=0.10.40"} (current: {"node":"0.10.31","npm":"1.4.23"})
npm WARN engine topo@1.1.0: wanted: {"node":">=0.10.40"} (current: {"node":"0.10.31","npm":"1.4.23"})
C:\Users\untiedt\AppData\Roaming\npm\tsd -> C:\Users\untiedt\AppData\Roaming\npm\node_modules\tsd\build\cli.js
tsd@0.6.5 C:\Users\untiedt\AppData\Roaming\npm\node_modules\tsd
+-- assertion-error@1.0.0
+-- deep-freeze@0.0.1
+-- joi-assert@0.0.3
+-- type-detect@0.1.2
+-- diff@1.4.0
+-- open@0.0.5
+-- jsesc@0.5.0
+-- rimraf@2.2.8
+-- ministyle@0.1.4
+-- lru-cache@2.5.2
+-- colors@1.1.2
+-- minimist@1.2.0
+-- uuid@2.0.1
+-- exit@0.1.2
+-- miniwrite@0.1.4 (mkdirp@0.3.5)
+-- semver@4.3.6
+-- mkdirp@0.5.1 (minimist@0.0.8)
+-- uri-templates@0.1.9
+-- detect-indent@0.2.0 (get-stdin@0.1.0, minimist@0.1.0)
+-- json-pointer@0.2.2 (foreach@2.0.5)
+-- minimatch@1.0.0 (sigmund@1.0.1)
+-- minitable@0.0.4 (minichain@0.0.1)
+-- chalk@1.1.1 (ansi-styles@2.1.0, supports-color@2.0.0, escape-string-regexp@1.0.3, strip-ansi@3.0.0, has-ansi@2.0.0)
+-- event-stream@3.1.7 (stream-combiner@0.0.4, duplexer@0.1.1, from@0.1.3, pause-stream@0.0.11, map-stream@0.1.0, split@0.2.10, through@2.3.8)
+-- universal-analytics@0.3.9 (async@0.2.10, node-uuid@1.4.3, underscore@1.8.3)
+-- bl@0.9.4 (readable-stream@1.0.33)
+-- bluebird@1.2.4
+-- lazy.js@0.3.2
+-- glob@4.5.3 (inherits@2.0.1, once@1.3.2, inflight@1.0.4, minimatch@2.0.10)
+-- definition-header@0.1.0 (xregexp@2.0.0, parsimmon@0.5.1)
+-- request@2.64.0 (forever-agent@0.6.1, aws-sign2@0.5.0, caseless@0.11.0, stringstream@0.0.4, tunnel-agent@0.4.1, oauth-sign@0.8.0, isstream@0.1.2, j
son-stringify-safe@5.0.1, extend@3.0.0, node-uuid@1.4.3, form-data@1.0.0-rc3, qs@5.1.0, tough-cookie@2.2.0, combined-stream@1.0.5, bl@1.0.0, mime-type
s@2.1.7, http-signature@0.11.0, hawk@3.1.0, har-validator@1.8.0)
+-- verror@1.4.0 (extsprintf@1.0.3)
+-- joi@4.9.0 (topo@1.1.0, isemail@1.2.0, hoek@2.16.3, moment@2.10.6)
+-- update-notifier@0.2.2 (is-npm@1.0.0, semver-diff@2.0.0, chalk@0.5.1, string-length@1.0.1, latest-version@1.0.1, configstore@0.3.2)

C:\TPs\devonfw\workspaces\main\tp-off-oasp4j>